\BOOKMARK [1][-]{section.1}{\376\377\000I\000n\000t\000r\000o\000d\000u\000c\000t\000i\000o\000n}{}% 1
\BOOKMARK [1][-]{section.2}{\376\377\000C\000o\000n\000t\000e\000x\000t\000\040\000S\000u\000r\000v\000e\000y}{}% 2
\BOOKMARK [2][-]{subsection.2.1}{\376\377\000G\000I\000S\000\040\000S\000o\000f\000t\000w\000a\000r\000e}{section.2}% 3
\BOOKMARK [2][-]{subsection.2.2}{\376\377\000S\000h\000o\000r\000t\000e\000s\000t\000\040\000P\000a\000t\000h\000\040\000S\000e\000a\000r\000c\000h\000\040\000A\000l\000g\000o\000r\000i\000t\000h\000m\000s}{section.2}% 4
\BOOKMARK [3][-]{subsubsection.2.2.1}{\376\377\000D\000i\000j\000k\000s\000t\000r\000a\000'\000s\000\040\000A\000l\000g\000o\000r\000i\000t\000h\000m}{subsection.2.2}% 5
\BOOKMARK [3][-]{subsubsection.2.2.2}{\376\377\000A\000*\000\040\000A\000l\000g\000o\000r\000i\000t\000h\000m}{subsection.2.2}% 6
\BOOKMARK [2][-]{subsection.2.3}{\376\377\000G\000r\000a\000p\000h\000\040\000R\000e\000p\000r\000e\000s\000e\000n\000t\000a\000t\000i\000o\000n\000s}{section.2}% 7
\BOOKMARK [2][-]{subsection.2.4}{\376\377\000S\000u\000r\000f\000a\000c\000e\000\040\000M\000e\000s\000h\000e\000s}{section.2}% 8
\BOOKMARK [2][-]{subsection.2.5}{\376\377\000D\000i\000g\000i\000t\000a\000l\000\040\000E\000l\000e\000v\000a\000t\000i\000o\000n\000\040\000M\000o\000d\000e\000l\000s}{section.2}% 9
\BOOKMARK [2][-]{subsection.2.6}{\376\377\000D\000e\000l\000a\000u\000n\000a\000y\000\040\000T\000r\000i\000a\000n\000g\000u\000l\000a\000t\000i\000o\000n\000s}{section.2}% 10
\BOOKMARK [2][-]{subsection.2.7}{\376\377\000C\000o\000o\000r\000d\000i\000n\000a\000t\000e\000\040\000S\000y\000s\000t\000e\000m\000s}{section.2}% 11
\BOOKMARK [2][-]{subsection.2.8}{\376\377\000E\000x\000i\000s\000t\000i\000n\000g\000\040\000R\000e\000s\000e\000a\000r\000c\000h}{section.2}% 12
\BOOKMARK [3][-]{subsubsection.2.8.1}{\376\377\000T\000e\000r\000r\000a\000i\000n\000\040\000S\000e\000n\000s\000i\000t\000i\000v\000e\000\040\000C\000o\000s\000t\000\040\000F\000u\000n\000c\000t\000i\000o\000n}{subsection.2.8}% 13
\BOOKMARK [3][-]{subsubsection.2.8.2}{\376\377\000G\000r\000a\000p\000h\000\040\000R\000e\000p\000r\000e\000s\000e\000n\000t\000a\000t\000i\000o\000n}{subsection.2.8}% 14
\BOOKMARK [2][-]{subsection.2.9}{\376\377\000F\000a\000c\000t\000o\000r\000s\000\040\000I\000m\000p\000a\000c\000t\000i\000n\000g\000\040\000O\000f\000f\000-\000R\000o\000a\000d\000\040\000W\000a\000l\000k\000i\000n\000g}{section.2}% 15
\BOOKMARK [3][-]{subsubsection.2.9.1}{\376\377\000G\000r\000a\000d\000i\000e\000n\000t}{subsection.2.9}% 16
\BOOKMARK [3][-]{subsubsection.2.9.2}{\376\377\000T\000e\000r\000r\000a\000i\000n\000\040\000T\000y\000p\000e}{subsection.2.9}% 17
\BOOKMARK [1][-]{section.3}{\376\377\000R\000e\000q\000u\000i\000r\000e\000m\000e\000n\000t\000s}{}% 18
\BOOKMARK [2][-]{subsection.3.1}{\376\377\000P\000r\000i\000m\000a\000r\000y\000\040\000O\000b\000j\000e\000c\000t\000i\000v\000e\000s}{section.3}% 19
\BOOKMARK [3][-]{subsubsection.3.1.1}{\376\377\000M\000o\000d\000u\000l\000a\000r\000\040\000R\000o\000u\000t\000i\000n\000g\000\040\000A\000l\000g\000o\000r\000i\000t\000h\000m}{subsection.3.1}% 20
\BOOKMARK [3][-]{subsubsection.3.1.2}{\376\377\000R\000o\000u\000t\000e\000\040\000V\000i\000s\000u\000a\000l\000i\000z\000a\000t\000i\000o\000n}{subsection.3.1}% 21
\BOOKMARK [3][-]{subsubsection.3.1.3}{\376\377\000A\000d\000d\000i\000t\000i\000o\000n\000a\000l\000\040\000C\000o\000s\000t\000\040\000F\000u\000n\000c\000t\000i\000o\000n\000\040\000P\000r\000e\000s\000e\000t\000s}{subsection.3.1}% 22
\BOOKMARK [2][-]{subsection.3.2}{\376\377\000S\000e\000c\000o\000n\000d\000a\000r\000y\000\040\000O\000b\000j\000e\000c\000t\000i\000v\000e\000s}{section.3}% 23
\BOOKMARK [3][-]{subsubsection.3.2.1}{\376\377\000C\000r\000i\000t\000i\000c\000a\000l\000\040\000E\000v\000a\000l\000u\000a\000t\000i\000o\000n\000\040\000o\000f\000\040\000P\000r\000e\000s\000e\000t\000s}{subsection.3.2}% 24
\BOOKMARK [2][-]{subsection.3.3}{\376\377\000A\000d\000d\000i\000t\000i\000o\000n\000a\000l\000\040\000C\000o\000s\000t\000\040\000F\000u\000n\000c\000t\000i\000o\000n\000\040\000F\000e\000a\000t\000u\000r\000e\000s}{section.3}% 25
\BOOKMARK [2][-]{subsection.3.4}{\376\377\000T\000e\000r\000t\000i\000a\000r\000y\000\040\000O\000b\000j\000e\000c\000t\000i\000v\000e\000s}{section.3}% 26
\BOOKMARK [3][-]{subsubsection.3.4.1}{\376\377\000I\000n\000t\000e\000r\000a\000c\000t\000i\000v\000e\000\040\000U\000s\000e\000r\000\040\000I\000n\000t\000e\000r\000a\000f\000a\000c\000e}{subsection.3.4}% 27
\BOOKMARK [3][-]{subsubsection.3.4.2}{\376\377\000R\000o\000u\000t\000e\000\040\000G\000e\000n\000e\000r\000a\000t\000i\000o\000n\000\040\000A\000n\000i\000m\000a\000t\000i\000o\000n}{subsection.3.4}% 28
\BOOKMARK [1][-]{section.4}{\376\377\000S\000o\000f\000t\000w\000a\000r\000e\000\040\000D\000e\000v\000e\000l\000o\000p\000m\000e\000n\000t\000\040\000A\000p\000p\000r\000o\000a\000c\000h}{}% 29
\BOOKMARK [1][-]{section.5}{\376\377\000E\000t\000h\000i\000c\000s}{}% 30
\BOOKMARK [1][-]{section.6}{\376\377\000D\000e\000s\000i\000g\000n}{}% 31
\BOOKMARK [2][-]{subsection.6.1}{\376\377\000S\000e\000a\000r\000c\000h\000\040\000G\000r\000a\000p\000h\000\040\000C\000o\000n\000s\000t\000r\000u\000c\000t\000i\000o\000n}{section.6}% 32
\BOOKMARK [3][-]{subsubsection.6.1.1}{\376\377\000D\000a\000t\000a\000\040\000F\000e\000a\000t\000u\000r\000e\000\040\000R\000e\000p\000r\000e\000s\000e\000n\000t\000a\000t\000i\000o\000n}{subsection.6.1}% 33
\BOOKMARK [3][-]{subsubsection.6.1.2}{\376\377\000V\000e\000c\000t\000o\000r\000\040\000F\000e\000a\000t\000u\000r\000e\000s}{subsection.6.1}% 34
\BOOKMARK [3][-]{subsubsection.6.1.3}{\376\377\000R\000a\000s\000t\000e\000r\000\040\000F\000e\000a\000t\000u\000r\000e\000s}{subsection.6.1}% 35
\BOOKMARK [3][-]{subsubsection.6.1.4}{\376\377\000E\000d\000g\000e\000\040\000F\000e\000a\000t\000u\000r\000e\000s}{subsection.6.1}% 36
\BOOKMARK [2][-]{subsection.6.2}{\376\377\000R\000o\000u\000t\000i\000n\000g\000\040\000A\000l\000g\000o\000r\000i\000t\000h\000m}{section.6}% 37
\BOOKMARK [3][-]{subsubsection.6.2.1}{\376\377\000C\000o\000s\000t\000\040\000F\000u\000n\000c\000t\000i\000o\000n}{subsection.6.2}% 38
\BOOKMARK [3][-]{subsubsection.6.2.2}{\376\377\000F\000e\000a\000t\000u\000r\000e\000s}{subsection.6.2}% 39
\BOOKMARK [3][-]{subsubsection.6.2.3}{\376\377\000D\000a\000t\000a\000\040\000F\000e\000a\000t\000u\000r\000e\000s}{subsection.6.2}% 40
\BOOKMARK [2][-]{subsection.6.3}{\376\377\000A\000P\000I}{section.6}% 41
\BOOKMARK [2][-]{subsection.6.4}{\376\377\000C\000h\000u\000n\000k\000i\000n\000g}{section.6}% 42
\BOOKMARK [3][-]{subsubsection.6.4.1}{\376\377\000P\000a\000r\000a\000l\000l\000e\000l\000i\000s\000m}{subsection.6.4}% 43
\BOOKMARK [3][-]{subsubsection.6.4.2}{\376\377\000C\000a\000c\000h\000i\000n\000g}{subsection.6.4}% 44
\BOOKMARK [1][-]{section.7}{\376\377\000I\000m\000p\000l\000e\000m\000e\000n\000t\000a\000t\000i\000o\000n}{}% 45
\BOOKMARK [2][-]{subsection.7.1}{\376\377\000F\000e\000a\000t\000u\000r\000e\000s}{section.7}% 46
\BOOKMARK [2][-]{subsection.7.2}{\376\377\000C\000o\000m\000p\000u\000t\000e\000r\000\040\000V\000i\000s\000i\000o\000n\000\040\000E\000d\000g\000e\000\040\000D\000e\000t\000e\000c\000t\000i\000o\000n}{section.7}% 47
\BOOKMARK [2][-]{subsection.7.3}{\376\377\000C\000o\000o\000r\000d\000i\000n\000a\000t\000e\000\040\000S\000y\000s\000t\000e\000m\000\040\000C\000o\000n\000v\000e\000r\000s\000i\000o\000n}{section.7}% 48
\BOOKMARK [1][-]{section.8}{\376\377\000R\000e\000s\000u\000l\000t\000s\000\040\000a\000n\000d\000\040\000A\000n\000a\000l\000y\000s\000i\000s}{}% 49
\BOOKMARK [2][-]{subsection.8.1}{\376\377\000F\000i\000n\000a\000l\000\040\000C\000o\000n\000f\000i\000g\000u\000r\000a\000t\000i\000o\000n\000\040\000M\000e\000s\000h\000\040\000G\000e\000n\000e\000r\000a\000t\000i\000o\000n}{section.8}% 50
\BOOKMARK [3][-]{subsubsection.8.1.1}{\376\377\000E\000d\000g\000e\000\040\000D\000e\000t\000e\000c\000t\000i\000o\000n}{subsection.8.1}% 51
\BOOKMARK [2][-]{subsection.8.2}{\376\377\000G\000e\000n\000e\000r\000a\000t\000e\000d\000\040\000R\000o\000u\000t\000e\000s}{section.8}% 52
\BOOKMARK [2][-]{subsection.8.3}{\376\377\000P\000e\000r\000f\000o\000r\000m\000a\000n\000c\000e}{section.8}% 53
\BOOKMARK [3][-]{subsubsection.8.3.1}{\376\377\000M\000e\000s\000h\000\040\000S\000i\000z\000e}{subsection.8.3}% 54
\BOOKMARK [3][-]{subsubsection.8.3.2}{\376\377\000C\000o\000s\000t\000\040\000F\000u\000n\000c\000t\000i\000o\000n\000\040\000C\000o\000m\000p\000l\000e\000x\000i\000t\000y}{subsection.8.3}% 55
\BOOKMARK [3][-]{subsubsection.8.3.3}{\376\377\000C\000a\000c\000h\000i\000n\000g}{subsection.8.3}% 56
\BOOKMARK [1][-]{section.9}{\376\377\000E\000v\000a\000l\000u\000a\000t\000i\000o\000n\000\040\000a\000n\000d\000\040\000C\000r\000i\000t\000i\000c\000a\000l\000\040\000A\000p\000p\000r\000a\000i\000s\000a\000l}{}% 57
\BOOKMARK [1][-]{section.10}{\376\377\000P\000o\000t\000e\000n\000t\000i\000a\000l\000\040\000I\000m\000p\000r\000o\000v\000e\000m\000e\000n\000t\000s\000\040\000\046\000\040\000F\000u\000t\000u\000r\000e\000\040\000P\000r\000o\000j\000e\000c\000t\000s}{}% 58
\BOOKMARK [2][-]{subsection.10.1}{\376\377\000P\000a\000r\000a\000l\000l\000e\000l\000\040\000R\000o\000u\000t\000e\000\040\000S\000e\000a\000r\000c\000h}{section.10}% 59
\BOOKMARK [2][-]{subsection.10.2}{\376\377\000M\000o\000d\000e\000l\000l\000i\000n\000g\000\040\000F\000e\000a\000t\000u\000r\000e\000s}{section.10}% 60
\BOOKMARK [3][-]{subsubsection.10.2.1}{\376\377\000D\000i\000s\000t\000a\000n\000c\000e\000\040\000D\000e\000p\000e\000n\000d\000e\000n\000t\000\040\000F\000e\000a\000t\000u\000r\000e\000s}{subsection.10.2}% 61
\BOOKMARK [3][-]{subsubsection.10.2.2}{\376\377\000C\000o\000s\000t\000\040\000F\000u\000n\000c\000t\000i\000o\000n\000\040\000C\000a\000c\000h\000i\000n\000g}{subsection.10.2}% 62
\BOOKMARK [2][-]{subsection.10.3}{\376\377\000I\000t\000e\000r\000a\000t\000i\000v\000e\000\040\000C\000o\000s\000t\000\040\000F\000u\000n\000c\000t\000i\000o\000n}{section.10}% 63
\BOOKMARK [1][-]{section.11}{\376\377\000C\000o\000n\000c\000l\000u\000s\000i\000o\000n}{}% 64
\BOOKMARK [1][-]{section.12}{\376\377\000R\000e\000f\000e\000r\000e\000n\000c\000e\000s}{}% 65
\BOOKMARK [1][-]{appendix.1.A}{\376\377\000A\000p\000p\000e\000n\000d\000i\000x\000\040\000S\000y\000s\000t\000e\000m\000\040\000R\000e\000q\000u\000i\000r\000e\000m\000e\000n\000t\000s}{}% 66
\BOOKMARK [1][-]{appendix.1.B}{\376\377\000A\000p\000p\000e\000n\000d\000i\000x\000\040\000C\000o\000m\000p\000i\000l\000a\000t\000i\000o\000n\000\040\000I\000n\000s\000t\000r\000u\000c\000t\000i\000o\000n\000s}{}% 67
\BOOKMARK [1][-]{appendix.1.C}{\376\377\000A\000p\000p\000e\000n\000d\000i\000x\000\040\000U\000s\000e\000r\000\040\000M\000a\000n\000u\000a\000l}{}% 68
\BOOKMARK [1][-]{appendix.1.D}{\376\377\000A\000p\000p\000e\000n\000d\000i\000x\000\040\000E\000t\000h\000i\000c\000s\000\040\000S\000e\000l\000f\000-\000A\000s\000s\000e\000s\000s\000m\000e\000n\000t\000\040\000F\000o\000r\000m}{}% 69
